Determining if the pthread_create exist failed with the following output:
Change Dir: /home/huituo/workspace/waytous/RosApp/build/CMakeFiles/CMakeTmp

Run Build Command:"/usr/bin/make" "cmTC_898e4/fast"
/usr/bin/make -f CMakeFiles/cmTC_898e4.dir/build.make CMakeFiles/cmTC_898e4.dir/build
make[1]: 进入目录“/home/huituo/workspace/waytous/RosApp/build/CMakeFiles/CMakeTmp”
Building C object CMakeFiles/cmTC_898e4.dir/CheckSymbolExists.c.o
/usr/bin/cc    -o CMakeFiles/cmTC_898e4.dir/CheckSymbolExists.c.o   -c /home/huituo/workspace/waytous/RosApp/build/CMakeFiles/CMakeTmp/CheckSymbolExists.c
Linking C executable cmTC_898e4
/usr/bin/cmake -E cmake_link_script CMakeFiles/cmTC_898e4.dir/link.txt --verbose=1
/usr/bin/cc      -rdynamic CMakeFiles/cmTC_898e4.dir/CheckSymbolExists.c.o  -o cmTC_898e4 
CMakeFiles/cmTC_898e4.dir/CheckSymbolExists.c.o：在函数‘main’中：
CheckSymbolExists.c:(.text+0x1b)：对‘pthread_create’未定义的引用
collect2: error: ld returned 1 exit status
CMakeFiles/cmTC_898e4.dir/build.make:97: recipe for target 'cmTC_898e4' failed
make[1]: *** [cmTC_898e4] Error 1
make[1]: 离开目录“/home/huituo/workspace/waytous/RosApp/build/CMakeFiles/CMakeTmp”
Makefile:126: recipe for target 'cmTC_898e4/fast' failed
make: *** [cmTC_898e4/fast] Error 2

File /home/huituo/workspace/waytous/RosApp/build/CMakeFiles/CMakeTmp/CheckSymbolExists.c:
/* */
#include <pthread.h>

int main(int argc, char** argv)
{
  (void)argv;
#ifndef pthread_create
  return ((int*)(&pthread_create))[argc];
#else
  (void)argc;
  return 0;
#endif
}

Determining if the function pthread_create exists in the pthreads failed with the following output:
Change Dir: /home/huituo/workspace/waytous/RosApp/build/CMakeFiles/CMakeTmp

Run Build Command:"/usr/bin/make" "cmTC_4b95c/fast"
/usr/bin/make -f CMakeFiles/cmTC_4b95c.dir/build.make CMakeFiles/cmTC_4b95c.dir/build
make[1]: 进入目录“/home/huituo/workspace/waytous/RosApp/build/CMakeFiles/CMakeTmp”
Building C object CMakeFiles/cmTC_4b95c.dir/CheckFunctionExists.c.o
/usr/bin/cc   -DCHECK_FUNCTION_EXISTS=pthread_create   -o CMakeFiles/cmTC_4b95c.dir/CheckFunctionExists.c.o   -c /usr/share/cmake-3.10/Modules/CheckFunctionExists.c
Linking C executable cmTC_4b95c
/usr/bin/cmake -E cmake_link_script CMakeFiles/cmTC_4b95c.dir/link.txt --verbose=1
/usr/bin/cc  -DCHECK_FUNCTION_EXISTS=pthread_create    -rdynamic CMakeFiles/cmTC_4b95c.dir/CheckFunctionExists.c.o  -o cmTC_4b95c -lpthreads 
/usr/bin/ld: 找不到 -lpthreads
collect2: error: ld returned 1 exit status
CMakeFiles/cmTC_4b95c.dir/build.make:97: recipe for target 'cmTC_4b95c' failed
make[1]: *** [cmTC_4b95c] Error 1
make[1]: 离开目录“/home/huituo/workspace/waytous/RosApp/build/CMakeFiles/CMakeTmp”
Makefile:126: recipe for target 'cmTC_4b95c/fast' failed
make: *** [cmTC_4b95c/fast] Error 2


